<?xml version="1.0" encoding="UTF-8"?>
<!-- Generated by org.testng.reporters.JUnitXMLReporter -->
<testsuite ignored="0" hostname="DESKTOP-AHMVJTM" failures="0" tests="2" name="Default test" time="238.398" errors="0" timestamp="2025-03-15T15:50:18 IST">
  <testcase classname="com.thetestingacademy.ATB6xWebAutomationFramework.TestVWOLogin_POM" name="testLoginNegativeVWO" time="96.017"/>
  <testcase classname="com.thetestingacademy.ATB6xWebAutomationFramework.TestVWOLogin_POM" name="testLoginNegativeVWO2" time="141.892"/>
</testsuite> <!-- Default test -->
