<?xml version="1.0" encoding="UTF-8"?>
<!-- Generated by org.testng.reporters.JUnitXMLReporter -->
<testsuite ignored="0" hostname="DESKTOP-AHMVJTM" failures="0" tests="2" name="Test" time="73.787" errors="0" timestamp="2025-02-20T17:26:19 IST">
  <testcase classname="com.thetestingacademy.ATB6xWebAutomationFramework.TestVWOLogin_POM" name="testLoginNegativeVWO" time="71.651"/>
  <testcase classname="com.thetestingacademy.ATB6xWebAutomationFramework.TestVWOLogin_POM" name="testLoginNegativeVWO2" time="73.601"/>
</testsuite> <!-- Test -->
