<?xml version="1.0" encoding="UTF-8"?>
<testng-results ignored="0" total="2" passed="2" failed="0" skipped="0">
  <reporter-output>
  </reporter-output>
  <suite started-at="2025-03-15T15:46:19 IST" name="Default suite" finished-at="2025-03-15T15:50:18 IST" duration-ms="238398">
    <groups>
    </groups>
    <test started-at="2025-03-15T15:46:19 IST" name="Default test" finished-at="2025-03-15T15:50:18 IST" duration-ms="238398">
      <class name="com.thetestingacademy.ATB6xWebAutomationFramework.TestVWOLogin_POM">
        <test-method signature="testLoginNegativeVWO()[pri:0, instance:com.thetestingacademy.ATB6xWebAutomationFramework.TestVWOLogin_POM@55cb6996]" started-at="2025-03-15T15:46:19 IST" name="testLoginNegativeVWO" finished-at="2025-03-15T15:47:55 IST" duration-ms="96017" status="PASS">
          <reporter-output>
          </reporter-output>
        </test-method> <!-- testLoginNegativeVWO -->
        <test-method signature="testLoginNegativeVWO2()[pri:0, instance:com.thetestingacademy.ATB6xWebAutomationFramework.TestVWOLogin_POM@55cb6996]" started-at="2025-03-15T15:47:56 IST" name="testLoginNegativeVWO2" finished-at="2025-03-15T15:50:18 IST" duration-ms="141892" status="PASS">
          <reporter-output>
          </reporter-output>
        </test-method> <!-- testLoginNegativeVWO2 -->
      </class> <!-- com.thetestingacademy.ATB6xWebAutomationFramework.TestVWOLogin_POM -->
    </test> <!-- Default test -->
  </suite> <!-- Default suite -->
</testng-results>
